<?xml version="1.0" encoding="UTF-8"?>
<!-- Generated by org.testng.reporters.JUnitReportReporter -->
<testsuite hostname="LAPTOP-J6DB108C" failures="0" tests="2" name="package_TestNG.TestNGAnnotations" time="0.013" errors="0" timestamp="2023-05-28T20:25:06 IST" skipped="0">
  <testcase classname="package_TestNG.TestNGAnnotations" name="testCase1" time="0.010"/>
  <system-out/>
  <testcase classname="package_TestNG.TestNGAnnotations" name="testCase2" time="0.003"/>
  <system-out/>
</testsuite> <!-- package_TestNG.TestNGAnnotations -->
