<?xml version="1.0" encoding="UTF-8"?>
<!-- Generated by org.testng.reporters.JUnitReportReporter -->
<testsuite hostname="LAPTOP-J6DB108C" failures="0" tests="9" name="package_TestNG.TestNGMasterClass" time="0.024" errors="0" timestamp="2023-05-28T20:25:20 IST" skipped="0">
  <testcase classname="package_TestNG.TestNGMasterClass" name="test0" time="0.006"/>
  <system-out/>
  <testcase classname="package_TestNG.TestNGMasterClass" name="testCase0" time="0.001"/>
  <system-out/>
  <testcase classname="package_TestNG.TestNGMasterClass" name="test2" time="0.002"/>
  <system-out/>
  <testcase classname="package_TestNG.TestNGMasterClass" name="test" time="0.002"/>
  <system-out/>
  <testcase classname="package_TestNG.TestNGMasterClass" name="testCase2" time="0.006"/>
  <system-out/>
  <testcase classname="package_TestNG.TestNGMasterClass" name="test1" time="0.001"/>
  <system-out/>
  <testcase classname="package_TestNG.TestNGMasterClass" name="testCase" time="0.002"/>
  <system-out>
    <![CDATA[we are using default reporter class for logging purpose*******]]>
  </system-out>
  <testcase classname="package_TestNG.TestNGMasterClass" name="testCase1" time="0.002"/>
  <system-out/>
  <testcase classname="package_TestNG.TestNGMasterClass" name="testCase1" time="0.002"/>
  <system-out/>
</testsuite> <!-- package_TestNG.TestNGMasterClass -->
